This file contains any messages produced by compilers while
running configure, to aid debugging if configure makes a mistake.

It was created by ejabberd configure 2.1.12, which was
generated by GNU Autoconf 2.68.  Invocation command line was

  $ ./configure --prefix=/home/appusr/ejabberd/runtime

## --------- ##
## Platform. ##
## --------- ##

hostname = liangc-book
uname -m = x86_64
uname -r = 3.11.0-18-generic
uname -s = Linux
uname -v = #32-Ubuntu SMP Tue Feb 18 21:11:14 UTC 2014

/usr/bin/uname -p = unknown
/bin/uname -X     = unknown

/bin/arch              = unknown
/usr/bin/arch -k       = unknown
/usr/convex/getsysinfo = unknown
/usr/bin/hostinfo      = unknown
/bin/machine           = unknown
/usr/bin/oslevel       = unknown
/bin/universe          = unknown

PATH: /app/erlang/bin
PATH: /app/java/jdk1.7.0_25/bin
PATH: /app/apache-maven-3.0.5/bin
PATH: /usr/lib/lightdm/lightdm
PATH: /usr/local/sbin
PATH: /usr/local/bin
PATH: /usr/sbin
PATH: /usr/bin
PATH: /sbin
PATH: /bin
PATH: /usr/games
PATH: /usr/local/games


## ----------- ##
## Core tests. ##
## ----------- ##

configure:2224: checking for gcc
configure:2240: found /usr/bin/gcc
configure:2251: result: gcc
configure:2480: checking for C compiler version
configure:2489: gcc --version >&5
gcc (Ubuntu/Linaro 4.8.1-10ubuntu9) 4.8.1
Copyright (C) 2013 Free Software Foundation, Inc.
This is free software; see the source for copying conditions.  There is NO
warranty; not even for MERCHANTABILITY or FITNESS FOR A PARTICULAR PURPOSE.

configure:2500: $? = 0
configure:2489: gcc -v >&5
Using built-in specs.
COLLECT_GCC=gcc
COLLECT_LTO_WRAPPER=/usr/lib/gcc/x86_64-linux-gnu/4.8/lto-wrapper
Target: x86_64-linux-gnu
Configured with: ../src/configure -v --with-pkgversion='Ubuntu/Linaro 4.8.1-10ubuntu9' --with-bugurl=file:///usr/share/doc/gcc-4.8/README.Bugs --enable-languages=c,c++,java,go,d,fortran,objc,obj-c++ --prefix=/usr --program-suffix=-4.8 --enable-shared --enable-linker-build-id --libexecdir=/usr/lib --without-included-gettext --enable-threads=posix --with-gxx-include-dir=/usr/include/c++/4.8 --libdir=/usr/lib --enable-nls --with-sysroot=/ --enable-clocale=gnu --enable-libstdcxx-debug --enable-libstdcxx-time=yes --enable-gnu-unique-object --enable-plugin --with-system-zlib --disable-browser-plugin --enable-java-awt=gtk --enable-gtk-cairo --with-java-home=/usr/lib/jvm/java-1.5.0-gcj-4.8-amd64/jre --enable-java-home --with-jvm-root-dir=/usr/lib/jvm/java-1.5.0-gcj-4.8-amd64 --with-jvm-jar-dir=/usr/lib/jvm-exports/java-1.5.0-gcj-4.8-amd64 --with-arch-directory=amd64 --with-ecj-jar=/usr/share/java/eclipse-ecj.jar --enable-objc-gc --enable-multiarch --disable-werror --with-arch-32=i686 --with-abi=m64 --with-multilib-list=m32,m64,mx32 --with-tune=generic --enable-checking=release --build=x86_64-linux-gnu --host=x86_64-linux-gnu --target=x86_64-linux-gnu
Thread model: posix
gcc version 4.8.1 (Ubuntu/Linaro 4.8.1-10ubuntu9) 
configure:2500: $? = 0
configure:2489: gcc -V >&5
gcc: error: unrecognized command line option '-V'
gcc: fatal error: no input files
compilation terminated.
configure:2500: $? = 4
configure:2489: gcc -qversion >&5
gcc: error: unrecognized command line option '-qversion'
gcc: fatal error: no input files
compilation terminated.
configure:2500: $? = 4
configure:2520: checking whether the C compiler works
configure:2542: gcc    conftest.c  >&5
configure:2546: $? = 0
configure:2594: result: yes
configure:2597: checking for C compiler default output file name
configure:2599: result: a.out
configure:2605: checking for suffix of executables
configure:2612: gcc -o conftest    conftest.c  >&5
configure:2616: $? = 0
configure:2638: result: 
configure:2660: checking whether we are cross compiling
configure:2668: gcc -o conftest    conftest.c  >&5
configure:2672: $? = 0
configure:2679: ./conftest
configure:2683: $? = 0
configure:2698: result: no
configure:2703: checking for suffix of object files
configure:2725: gcc -c   conftest.c >&5
configure:2729: $? = 0
configure:2750: result: o
configure:2754: checking whether we are using the GNU C compiler
configure:2773: gcc -c   conftest.c >&5
configure:2773: $? = 0
configure:2782: result: yes
configure:2791: checking whether gcc accepts -g
configure:2811: gcc -c -g  conftest.c >&5
configure:2811: $? = 0
configure:2852: result: yes
configure:2869: checking for gcc option to accept ISO C89
configure:2933: gcc  -c -g -O2  conftest.c >&5
configure:2933: $? = 0
configure:2946: result: none needed
configure:2966: checking whether make sets $(MAKE)
configure:2988: result: yes
configure:3057: checking for erlc
configure:3076: found /app/erlang/bin/erlc
configure:3088: result: /app/erlang/bin/erlc
configure:3157: checking for erl
configure:3176: found /app/erlang/bin/erl
configure:3188: result: /app/erlang/bin/erl
configure:3315: checking for iconv
configure:3337: gcc -o conftest -g -O2 -Wall   conftest.c  >&5
configure:3337: $? = 0
configure:3403: result: yes
configure:3409: checking for iconv declaration
configure:3438: gcc -c -g -O2 -Wall  conftest.c >&5
configure:3438: $? = 0
configure:3449: result: 
         extern size_t iconv (iconv_t cd, char * *inbuf, size_t *inbytesleft, char * *outbuf, size_t *outbytesleft);
configure:3470: checking how to run the C preprocessor
configure:3501: gcc -E  conftest.c
configure:3501: $? = 0
configure:3515: gcc -E  conftest.c
conftest.c:11:28: fatal error: ac_nonexistent.h: No such file or directory
 #include <ac_nonexistent.h>
                            ^
compilation terminated.
configure:3515: $? = 1
configure: failed program was:
| /* confdefs.h */
| #define PACKAGE_NAME "ejabberd"
| #define PACKAGE_TARNAME "ejabberd"
| #define PACKAGE_VERSION "2.1.12"
| #define PACKAGE_STRING "ejabberd 2.1.12"
| #define PACKAGE_BUGREPORT "ejabberd@process-one.net"
| #define PACKAGE_URL ""
| #define HAVE_ICONV 1
| #define ICONV_CONST 
| /* end confdefs.h.  */
| #include <ac_nonexistent.h>
configure:3540: result: gcc -E
configure:3560: gcc -E  conftest.c
configure:3560: $? = 0
configure:3574: gcc -E  conftest.c
conftest.c:11:28: fatal error: ac_nonexistent.h: No such file or directory
 #include <ac_nonexistent.h>
                            ^
compilation terminated.
configure:3574: $? = 1
configure: failed program was:
| /* confdefs.h */
| #define PACKAGE_NAME "ejabberd"
| #define PACKAGE_TARNAME "ejabberd"
| #define PACKAGE_VERSION "2.1.12"
| #define PACKAGE_STRING "ejabberd 2.1.12"
| #define PACKAGE_BUGREPORT "ejabberd@process-one.net"
| #define PACKAGE_URL ""
| #define HAVE_ICONV 1
| #define ICONV_CONST 
| /* end confdefs.h.  */
| #include <ac_nonexistent.h>
configure:3603: checking for grep that handles long lines and -e
configure:3661: result: /bin/grep
configure:3666: checking for egrep
configure:3728: result: /bin/grep -E
configure:3733: checking for ANSI C header files
configure:3753: gcc -c -g -O2 -Wall  conftest.c >&5
configure:3753: $? = 0
configure:3826: gcc -o conftest -g -O2 -Wall   conftest.c  >&5
configure:3826: $? = 0
configure:3826: ./conftest
configure:3826: $? = 0
configure:3837: result: yes
configure:3850: checking for sys/types.h
configure:3850: gcc -c -g -O2 -Wall  conftest.c >&5
configure:3850: $? = 0
configure:3850: result: yes
configure:3850: checking for sys/stat.h
configure:3850: gcc -c -g -O2 -Wall  conftest.c >&5
configure:3850: $? = 0
configure:3850: result: yes
configure:3850: checking for stdlib.h
configure:3850: gcc -c -g -O2 -Wall  conftest.c >&5
configure:3850: $? = 0
configure:3850: result: yes
configure:3850: checking for string.h
configure:3850: gcc -c -g -O2 -Wall  conftest.c >&5
configure:3850: $? = 0
configure:3850: result: yes
configure:3850: checking for memory.h
configure:3850: gcc -c -g -O2 -Wall  conftest.c >&5
configure:3850: $? = 0
configure:3850: result: yes
configure:3850: checking for strings.h
configure:3850: gcc -c -g -O2 -Wall  conftest.c >&5
configure:3850: $? = 0
configure:3850: result: yes
configure:3850: checking for inttypes.h
configure:3850: gcc -c -g -O2 -Wall  conftest.c >&5
configure:3850: $? = 0
configure:3850: result: yes
configure:3850: checking for stdint.h
configure:3850: gcc -c -g -O2 -Wall  conftest.c >&5
configure:3850: $? = 0
configure:3850: result: yes
configure:3850: checking for unistd.h
configure:3850: gcc -c -g -O2 -Wall  conftest.c >&5
configure:3850: $? = 0
configure:3850: result: yes
configure:3876: checking for XML_ParserCreate in -lexpat
configure:3901: gcc -o conftest -g -O2 -Wall   conftest.c -lexpat   >&5
configure:3901: $? = 0
configure:3910: result: yes
configure:3928: checking expat.h usability
configure:3928: gcc -c -g -O2 -Wall    conftest.c >&5
configure:3928: $? = 0
configure:3928: result: yes
configure:3928: checking expat.h presence
configure:3928: gcc -E   conftest.c
configure:3928: $? = 0
configure:3928: result: yes
configure:3928: checking for expat.h
configure:3928: result: yes
configure:3951: checking for an ANSI C-conforming const
configure:4016: gcc -c -g -O2 -Wall  conftest.c >&5
conftest.c: In function 'main':
conftest.c:51:7: warning: 't' is used uninitialized in this function [-Wuninitialized]
     *t++ = 0;
       ^
conftest.c:73:13: warning: 'cs[0]' is used uninitialized in this function [-Wuninitialized]
   return !cs[0] && !zero.x;
             ^
configure:4016: $? = 0
configure:4023: result: yes
configure:4041: checking for stdlib.h
configure:4041: result: yes
configure:4051: checking for GNU libc compatible malloc
configure:4075: gcc -o conftest -g -O2 -Wall   conftest.c  >&5
configure:4075: $? = 0
configure:4075: ./conftest
configure:4075: $? = 0
configure:4085: result: yes
configure:4106: checking for ANSI C header files
configure:4210: result: yes
configure:4222: checking whether build mod_irc
configure:4235: result: yes
configure:4244: checking whether build mod_muc
configure:4257: result: yes
configure:4266: checking whether build mod_proxy65
configure:4279: result: yes
configure:4288: checking whether build mod_pubsub
configure:4301: result: yes
configure:4310: checking whether build eldap
configure:4323: result: yes
configure:4332: checking whether build odbc
configure:4345: result: no
configure:4354: checking whether build tls
configure:4367: result: yes
configure:4376: checking whether build web
configure:4389: result: yes
configure:4399: checking whether build ejabberd_zlib
configure:4412: result: yes
configure:4434: checking for gzgets in -lz
configure:4459: gcc -o conftest -g -O2 -Wall   conftest.c -lz   >&5
configure:4459: $? = 0
configure:4468: result: yes
configure:4486: checking zlib.h usability
configure:4486: gcc -c -g -O2 -Wall    conftest.c >&5
configure:4486: $? = 0
configure:4486: result: yes
configure:4486: checking zlib.h presence
configure:4486: gcc -E   conftest.c
configure:4486: $? = 0
configure:4486: result: yes
configure:4486: checking for zlib.h
configure:4486: result: yes
configure:4512: checking whether build pam
configure:4525: result: no
configure:4716: checking for SSL_new in -lssl
configure:4741: gcc -o conftest -g -O2 -Wall -g -O2 -Wall   conftest.c -lssl  -L/usr/local/ssl/lib -lcrypto -I/usr/local/ssl/include   >&5
configure:4741: $? = 0
configure:4750: result: yes
configure:4763: checking openssl/ssl.h usability
configure:4763: gcc -c -g -O2 -Wall -I/usr/local/ssl/include -g -O2 -Wall  conftest.c >&5
configure:4763: $? = 0
configure:4763: result: yes
configure:4763: checking openssl/ssl.h presence
configure:4763: gcc -E -I/usr/local/ssl/include -g -O2 -Wall  conftest.c
configure:4763: $? = 0
configure:4763: result: yes
configure:4763: checking for openssl/ssl.h
configure:4763: result: yes
configure:4809: checking krb5.h usability
configure:4809: gcc -c -g -O2 -Wall -I/usr/local/ssl/include -g -O2 -Wall  conftest.c >&5
conftest.c:60:18: fatal error: krb5.h: No such file or directory
 #include <krb5.h>
                  ^
compilation terminated.
configure:4809: $? = 1
configure: failed program was:
| /* confdefs.h */
| #define PACKAGE_NAME "ejabberd"
| #define PACKAGE_TARNAME "ejabberd"
| #define PACKAGE_VERSION "2.1.12"
| #define PACKAGE_STRING "ejabberd 2.1.12"
| #define PACKAGE_BUGREPORT "ejabberd@process-one.net"
| #define PACKAGE_URL ""
| #define HAVE_ICONV 1
| #define ICONV_CONST 
| #define STDC_HEADERS 1
| #define HAVE_SYS_TYPES_H 1
| #define HAVE_SYS_STAT_H 1
| #define HAVE_STDLIB_H 1
| #define HAVE_STRING_H 1
| #define HAVE_MEMORY_H 1
| #define HAVE_STRINGS_H 1
| #define HAVE_INTTYPES_H 1
| #define HAVE_STDINT_H 1
| #define HAVE_UNISTD_H 1
| #define HAVE_EXPAT_H 1
| #define HAVE_STDLIB_H 1
| #define HAVE_MALLOC 1
| #define STDC_HEADERS 1
| #define HAVE_ZLIB_H 1
| #define HAVE_OPENSSL_SSL_H 1
| /* end confdefs.h.  */
| #include <stdio.h>
| #ifdef HAVE_SYS_TYPES_H
| # include <sys/types.h>
| #endif
| #ifdef HAVE_SYS_STAT_H
| # include <sys/stat.h>
| #endif
| #ifdef STDC_HEADERS
| # include <stdlib.h>
| # include <stddef.h>
| #else
| # ifdef HAVE_STDLIB_H
| #  include <stdlib.h>
| # endif
| #endif
| #ifdef HAVE_STRING_H
| # if !defined STDC_HEADERS && defined HAVE_MEMORY_H
| #  include <memory.h>
| # endif
| # include <string.h>
| #endif
| #ifdef HAVE_STRINGS_H
| # include <strings.h>
| #endif
| #ifdef HAVE_INTTYPES_H
| # include <inttypes.h>
| #endif
| #ifdef HAVE_STDINT_H
| # include <stdint.h>
| #endif
| #ifdef HAVE_UNISTD_H
| # include <unistd.h>
| #endif
| #include <krb5.h>
configure:4809: result: no
configure:4809: checking krb5.h presence
configure:4809: gcc -E -I/usr/local/ssl/include -g -O2 -Wall  conftest.c
conftest.c:27:18: fatal error: krb5.h: No such file or directory
 #include <krb5.h>
                  ^
compilation terminated.
configure:4809: $? = 1
configure: failed program was:
| /* confdefs.h */
| #define PACKAGE_NAME "ejabberd"
| #define PACKAGE_TARNAME "ejabberd"
| #define PACKAGE_VERSION "2.1.12"
| #define PACKAGE_STRING "ejabberd 2.1.12"
| #define PACKAGE_BUGREPORT "ejabberd@process-one.net"
| #define PACKAGE_URL ""
| #define HAVE_ICONV 1
| #define ICONV_CONST 
| #define STDC_HEADERS 1
| #define HAVE_SYS_TYPES_H 1
| #define HAVE_SYS_STAT_H 1
| #define HAVE_STDLIB_H 1
| #define HAVE_STRING_H 1
| #define HAVE_MEMORY_H 1
| #define HAVE_STRINGS_H 1
| #define HAVE_INTTYPES_H 1
| #define HAVE_STDINT_H 1
| #define HAVE_UNISTD_H 1
| #define HAVE_EXPAT_H 1
| #define HAVE_STDLIB_H 1
| #define HAVE_MALLOC 1
| #define STDC_HEADERS 1
| #define HAVE_ZLIB_H 1
| #define HAVE_OPENSSL_SSL_H 1
| /* end confdefs.h.  */
| #include <krb5.h>
configure:4809: result: no
configure:4809: checking for krb5.h
configure:4809: result: no
configure:4832: checking openssl/md2.h usability
configure:4832: gcc -c -g -O2 -Wall -I/usr/local/ssl/include -g -O2 -Wall  conftest.c >&5
conftest.c:60:25: fatal error: openssl/md2.h: No such file or directory
 #include <openssl/md2.h>
                         ^
compilation terminated.
configure:4832: $? = 1
configure: failed program was:
| /* confdefs.h */
| #define PACKAGE_NAME "ejabberd"
| #define PACKAGE_TARNAME "ejabberd"
| #define PACKAGE_VERSION "2.1.12"
| #define PACKAGE_STRING "ejabberd 2.1.12"
| #define PACKAGE_BUGREPORT "ejabberd@process-one.net"
| #define PACKAGE_URL ""
| #define HAVE_ICONV 1
| #define ICONV_CONST 
| #define STDC_HEADERS 1
| #define HAVE_SYS_TYPES_H 1
| #define HAVE_SYS_STAT_H 1
| #define HAVE_STDLIB_H 1
| #define HAVE_STRING_H 1
| #define HAVE_MEMORY_H 1
| #define HAVE_STRINGS_H 1
| #define HAVE_INTTYPES_H 1
| #define HAVE_STDINT_H 1
| #define HAVE_UNISTD_H 1
| #define HAVE_EXPAT_H 1
| #define HAVE_STDLIB_H 1
| #define HAVE_MALLOC 1
| #define STDC_HEADERS 1
| #define HAVE_ZLIB_H 1
| #define HAVE_OPENSSL_SSL_H 1
| /* end confdefs.h.  */
| #include <stdio.h>
| #ifdef HAVE_SYS_TYPES_H
| # include <sys/types.h>
| #endif
| #ifdef HAVE_SYS_STAT_H
| # include <sys/stat.h>
| #endif
| #ifdef STDC_HEADERS
| # include <stdlib.h>
| # include <stddef.h>
| #else
| # ifdef HAVE_STDLIB_H
| #  include <stdlib.h>
| # endif
| #endif
| #ifdef HAVE_STRING_H
| # if !defined STDC_HEADERS && defined HAVE_MEMORY_H
| #  include <memory.h>
| # endif
| # include <string.h>
| #endif
| #ifdef HAVE_STRINGS_H
| # include <strings.h>
| #endif
| #ifdef HAVE_INTTYPES_H
| # include <inttypes.h>
| #endif
| #ifdef HAVE_STDINT_H
| # include <stdint.h>
| #endif
| #ifdef HAVE_UNISTD_H
| # include <unistd.h>
| #endif
| #include <openssl/md2.h>
configure:4832: result: no
configure:4832: checking openssl/md2.h presence
configure:4832: gcc -E -I/usr/local/ssl/include -g -O2 -Wall  conftest.c
conftest.c:27:25: fatal error: openssl/md2.h: No such file or directory
 #include <openssl/md2.h>
                         ^
compilation terminated.
configure:4832: $? = 1
configure: failed program was:
| /* confdefs.h */
| #define PACKAGE_NAME "ejabberd"
| #define PACKAGE_TARNAME "ejabberd"
| #define PACKAGE_VERSION "2.1.12"
| #define PACKAGE_STRING "ejabberd 2.1.12"
| #define PACKAGE_BUGREPORT "ejabberd@process-one.net"
| #define PACKAGE_URL ""
| #define HAVE_ICONV 1
| #define ICONV_CONST 
| #define STDC_HEADERS 1
| #define HAVE_SYS_TYPES_H 1
| #define HAVE_SYS_STAT_H 1
| #define HAVE_STDLIB_H 1
| #define HAVE_STRING_H 1
| #define HAVE_MEMORY_H 1
| #define HAVE_STRINGS_H 1
| #define HAVE_INTTYPES_H 1
| #define HAVE_STDINT_H 1
| #define HAVE_UNISTD_H 1
| #define HAVE_EXPAT_H 1
| #define HAVE_STDLIB_H 1
| #define HAVE_MALLOC 1
| #define STDC_HEADERS 1
| #define HAVE_ZLIB_H 1
| #define HAVE_OPENSSL_SSL_H 1
| /* end confdefs.h.  */
| #include <openssl/md2.h>
configure:4832: result: no
configure:4832: checking for openssl/md2.h
configure:4832: result: no
configure:4875: checking build system type
configure:4889: result: x86_64-unknown-linux-gnu
configure:4909: checking host system type
configure:4922: result: x86_64-unknown-linux-gnu
configure:4942: checking target system type
configure:4955: result: x86_64-unknown-linux-gnu
configure:5289: creating ./config.status

## ---------------------- ##
## Running config.status. ##
## ---------------------- ##

This file was extended by ejabberd config.status 2.1.12, which was
generated by GNU Autoconf 2.68.  Invocation command line was

  CONFIG_FILES    = 
  CONFIG_HEADERS  = 
  CONFIG_LINKS    = 
  CONFIG_COMMANDS = 
  $ ./config.status 

on liangc-book

config.status:804: creating Makefile
config.status:804: creating mod_irc/Makefile
config.status:804: creating mod_muc/Makefile
config.status:804: creating mod_pubsub/Makefile
config.status:804: creating mod_proxy65/Makefile
config.status:804: creating eldap/Makefile
config.status:804: creating web/Makefile
config.status:804: creating stringprep/Makefile
config.status:804: creating stun/Makefile
config.status:804: creating tls/Makefile
config.status:804: creating ejabberd_zlib/Makefile

## ---------------- ##
## Cache variables. ##
## ---------------- ##

ac_cv_build=x86_64-unknown-linux-gnu
ac_cv_c_compiler_gnu=yes
ac_cv_c_const=yes
ac_cv_env_CC_set=
ac_cv_env_CC_value=
ac_cv_env_CFLAGS_set=
ac_cv_env_CFLAGS_value=
ac_cv_env_CPPFLAGS_set=
ac_cv_env_CPPFLAGS_value=
ac_cv_env_CPP_set=
ac_cv_env_CPP_value=
ac_cv_env_ERLCFLAGS_set=
ac_cv_env_ERLCFLAGS_value=
ac_cv_env_ERLC_set=
ac_cv_env_ERLC_value=
ac_cv_env_LDFLAGS_set=
ac_cv_env_LDFLAGS_value=
ac_cv_env_LIBS_set=
ac_cv_env_LIBS_value=
ac_cv_env_build_alias_set=
ac_cv_env_build_alias_value=
ac_cv_env_host_alias_set=
ac_cv_env_host_alias_value=
ac_cv_env_target_alias_set=
ac_cv_env_target_alias_value=
ac_cv_func_malloc_0_nonnull=yes
ac_cv_header_expat_h=yes
ac_cv_header_inttypes_h=yes
ac_cv_header_krb5_h=no
ac_cv_header_memory_h=yes
ac_cv_header_openssl_md2_h=no
ac_cv_header_openssl_ssl_h=yes
ac_cv_header_stdc=yes
ac_cv_header_stdint_h=yes
ac_cv_header_stdlib_h=yes
ac_cv_header_string_h=yes
ac_cv_header_strings_h=yes
ac_cv_header_sys_stat_h=yes
ac_cv_header_sys_types_h=yes
ac_cv_header_unistd_h=yes
ac_cv_header_zlib_h=yes
ac_cv_host=x86_64-unknown-linux-gnu
ac_cv_lib_expat_XML_ParserCreate=yes
ac_cv_lib_ssl_SSL_new=yes
ac_cv_lib_z_gzgets=yes
ac_cv_objext=o
ac_cv_path_EGREP='/bin/grep -E'
ac_cv_path_GREP=/bin/grep
ac_cv_path_ac_pt_ERL=/app/erlang/bin/erl
ac_cv_path_ac_pt_ERLC=/app/erlang/bin/erlc
ac_cv_prog_CPP='gcc -E'
ac_cv_prog_ac_ct_CC=gcc
ac_cv_prog_cc_c89=
ac_cv_prog_cc_g=yes
ac_cv_prog_make_make_set=yes
ac_cv_target=x86_64-unknown-linux-gnu
am_cv_func_iconv=yes
am_cv_lib_iconv=no
am_cv_proto_iconv='extern size_t iconv (iconv_t cd, char * *inbuf, size_t *inbytesleft, char * *outbuf, size_t *outbytesleft);'
am_cv_proto_iconv_arg1=

## ----------------- ##
## Output variables. ##
## ----------------- ##

CC='gcc'
CFLAGS='-g -O2 -Wall '
CPP='gcc -E'
CPPFLAGS='-I/usr/local/ssl/include -g -O2 -Wall '
DEFS='-DPACKAGE_NAME=\"ejabberd\" -DPACKAGE_TARNAME=\"ejabberd\" -DPACKAGE_VERSION=\"2.1.12\" -DPACKAGE_STRING=\"ejabberd\ 2.1.12\" -DPACKAGE_BUGREPORT=\"ejabberd@process-one.net\" -DPACKAGE_URL=\"\" -DHAVE_ICONV=1 -DICONV_CONST= -DSTDC_HEADERS=1 -DHAVE_SYS_TYPES_H=1 -DHAVE_SYS_STAT_H=1 -DHAVE_STDLIB_H=1 -DHAVE_STRING_H=1 -DHAVE_MEMORY_H=1 -DHAVE_STRINGS_H=1 -DHAVE_INTTYPES_H=1 -DHAVE_STDINT_H=1 -DHAVE_UNISTD_H=1 -DHAVE_EXPAT_H=1 -DHAVE_STDLIB_H=1 -DHAVE_MALLOC=1 -DSTDC_HEADERS=1 -DHAVE_ZLIB_H=1 -DHAVE_OPENSSL_SSL_H=1'
ECHO_C=''
ECHO_N='-n'
ECHO_T=''
EGREP='/bin/grep -E'
ERL='/app/erlang/bin/erl'
ERLANG_CFLAGS='-I/app/erlang/lib/erlang/lib/erl_interface-3.7.14/include -I/app/erlang/lib/erlang/usr/include'
ERLANG_LIBS='-L/app/erlang/lib/erlang/lib/erl_interface-3.7.14/lib -lerl_interface -lei'
ERLANG_SSLVER='-DSSL40'
ERLC='/app/erlang/bin/erlc'
ERLCFLAGS=''
EXEEXT=''
EXPAT_CFLAGS=''
EXPAT_LIBS=' -lexpat'
GREP='/bin/grep'
INSTALLUSER=''
LDFLAGS=''
LIBICONV=''
LIBOBJS=''
LIBS=''
LTLIBOBJS=''
OBJEXT='o'
PACKAGE_BUGREPORT='ejabberd@process-one.net'
PACKAGE_NAME='ejabberd'
PACKAGE_STRING='ejabberd 2.1.12'
PACKAGE_TARNAME='ejabberd'
PACKAGE_URL=''
PACKAGE_VERSION='2.1.12'
PAM_CFLAGS=''
PAM_LIBS=''
PATH_SEPARATOR=':'
SET_MAKE=''
SHELL='/bin/bash'
SSL_CFLAGS='-DHAVE_SSL'
SSL_LIBS='-L/usr/local/ssl/lib -lssl -lcrypto'
ZLIB_CFLAGS=''
ZLIB_LIBS=' -lz'
ac_ct_CC='gcc'
bindir='${exec_prefix}/bin'
build='x86_64-unknown-linux-gnu'
build_alias=''
build_cpu='x86_64'
build_os='linux-gnu'
build_vendor='unknown'
datadir='${datarootdir}'
datarootdir='${prefix}/share'
db_type='generic'
docdir='${datarootdir}/doc/${PACKAGE_TARNAME}'
dvidir='${docdir}'
ejabberd_zlib='ejabberd_zlib'
eldap='eldap'
exec_prefix='${prefix}'
full_xml='false'
hipe='false'
host='x86_64-unknown-linux-gnu'
host_alias=''
host_cpu='x86_64'
host_os='linux-gnu'
host_vendor='unknown'
htmldir='${docdir}'
includedir='${prefix}/include'
infodir='${datarootdir}/info'
libdir='${exec_prefix}/lib'
libexecdir='${exec_prefix}/libexec'
localedir='${datarootdir}/locale'
localstatedir='${prefix}/var'
make_ejabberd_zlib='ejabberd_zlib/Makefile'
make_eldap='eldap/Makefile'
make_mod_irc='mod_irc/Makefile'
make_mod_muc='mod_muc/Makefile'
make_mod_proxy65='mod_proxy65/Makefile'
make_mod_pubsub='mod_pubsub/Makefile'
make_odbc=''
make_pam=''
make_tls='tls/Makefile'
make_web='web/Makefile'
mandir='${datarootdir}/man'
md2='false'
mod_irc='mod_irc'
mod_muc='mod_muc'
mod_proxy65='mod_proxy65'
mod_pubsub='mod_pubsub'
nif='false'
odbc=''
oldincludedir='/usr/include'
pam=''
pdfdir='${docdir}'
prefix='/home/appusr/ejabberd/runtime'
program_transform_name='s,x,x,'
psdir='${docdir}'
roster_gateway_workaround='false'
sbindir='${exec_prefix}/sbin'
sharedstatedir='${prefix}/com'
sysconfdir='${prefix}/etc'
target='x86_64-unknown-linux-gnu'
target_alias=''
target_cpu='x86_64'
target_os='linux-gnu'
target_vendor='unknown'
tls='tls'
transient_supervisors='true'
web='web'

## ----------- ##
## confdefs.h. ##
## ----------- ##

/* confdefs.h */
#define PACKAGE_NAME "ejabberd"
#define PACKAGE_TARNAME "ejabberd"
#define PACKAGE_VERSION "2.1.12"
#define PACKAGE_STRING "ejabberd 2.1.12"
#define PACKAGE_BUGREPORT "ejabberd@process-one.net"
#define PACKAGE_URL ""
#define HAVE_ICONV 1
#define ICONV_CONST 
#define STDC_HEADERS 1
#define HAVE_SYS_TYPES_H 1
#define HAVE_SYS_STAT_H 1
#define HAVE_STDLIB_H 1
#define HAVE_STRING_H 1
#define HAVE_MEMORY_H 1
#define HAVE_STRINGS_H 1
#define HAVE_INTTYPES_H 1
#define HAVE_STDINT_H 1
#define HAVE_UNISTD_H 1
#define HAVE_EXPAT_H 1
#define HAVE_STDLIB_H 1
#define HAVE_MALLOC 1
#define STDC_HEADERS 1
#define HAVE_ZLIB_H 1
#define HAVE_OPENSSL_SSL_H 1

configure: exit 0
